2 ELSE else 100%
2 INT 834 50%
2 IN in 33%
2 IF if 25%
2 INT 61 40%
2 IF if 33%
4 STRING " iY61<
V$*	
" 14%
4 INT 423 37%
4 ELSE else 22%
4 IF if 30%
5 IF if 36%
16 COMMENT /*yu\
T
		;cHE	
	{q?6T%1
	?9X=	x@v&8PCG^/pOl?!t
.:Akv9:>P	U_{=2y	o$]
<p
'4cS,+[

fb
Y|?^	
h0:O[bj*/ 8%
16 IN in 15%
16 IF if 35%
16 REAL 14487.1427 6%
16 IF if 37%
16 IF if 41%
16 INT 6 22%
16 ELSE else 15%
16 IF if 40%
18 WHILE while 4%
18 REAL 27e-305886701 9%
18 INT 489 21%
18 ELSE else 16%
18 IN in 12%
18 IN in 15%
19 IN in 18%
26 STRING "
'	p>Ly%	)UVB,d-	/-+}	&c
A
	DRQ	/S(>
<	}*M	

YUsNV	wC5
\	m" 7%
26 ELSE else 17%
26 WHILE while 6%
26 IN in 19%
26 REAL 639512.19689599e588834609 9%
26 ELSE else 18%
27 INT 713 17%
27 INT 304 20%
28 IN in 19%
33 COMMENT /*:v


RE+
8U	&
m*/ 5%
34 INT 801 21%
36 COMMENT /*	.	`{f	
6	G\ks|l	
EUC]0Z{9s	w*/ 7%
38 STRING "Y?!@u9e	6p3	1qPVW:+
		dp
O" 7%
38 INT 417 21%
38 ELSE else 16%
39 IN in 18%
39 WHILE while 6%
39 IF if 20%
39 REAL 05.27260 8%
39 IN in 19%
47 COMMENT /*	
	z
	/

K
r[*F5-\
-l(8p{ry5		{'P
	*/ 8%
53 COMMENT /*QH{?Q(
4'	
4`
w{		
^.DZa6	4		$	=	FW:D?	R
h^
*/ 10%
53 REAL 67278.6540264e+101572363 10%
53 IN in 19%
53 WHILE while 7%
64 COMMENT /*0	jnIZ
r?'	o		#<y8
L
	wRY	,	. 9yK
	XAfglJs			W	j

	\v
 

ln
R
	v>/	(}e{)*/ 11%
64 ELSE else 14%
64 IN in 20%
64 WHILE while 8%
64 IN in 21%
64 REAL 52796082.070233205 10%
64 ELSE else 15%
76 STRING "Q
gyYb
s	r[*1q
	yE?
Fl=.z	[	o ; 
O

b	VWX	_=a=v
	!
8	&{
" 6%
76 INT 616 16%
76 IF if 16%
76 INT 650 17%
76 REAL 32187503.177e-7072 10%
76 ELSE else 15%
87 STRING "a
	OWP@
E	F\
j;
p' G

CGFo
b
>0	W		K	
0u[_%IaQ
1Ho		0	B4Za
2J^&B/,%g" 7%
87 IN in 19%
87 INT 513 17%
99 COMMENT /*
Y29IO	| itMt*Zbf	Xw	?Pb

	!>/BidZP
8Z,pCCBa&Z9)T	S
&p9-	




+!	=	NT
%et,}
*/ 10%
99 REAL 696.91666 11%
99 IF if 15%
99 ELSE else 15%
99 ELSE else 16%
101 IF if 16%
101 INT 729 17%
107 COMMENT /*N:		NKr#jz-

/4N6?=6U
=
\!	Z
V[Uo
XO5sWv*/ 10%
108 WHILE while 7%
108 IF if 16%
109 STRING "}-		 bFI
" 7%
109 INT 47 17%
109 ELSE else 16%
128 COMMENT /*
	0I7KN

	
l
Ox7QYc0NA
6BF

s
rh{]|2de]	
r
	-8x{
-c
I	^	R#vP;[&`
E
\4i
y	

	|lS	=
nI233XzG	;F*/ 10%
128 INT 417 18%
128 INT 281 19%
128 INT 151 20%
128 IN in 16%
128 INT 944 20%
128 ELSE else 15%
128 INT 955 21%
134 STRING "hPS5W/K^5v
.	7#!
7cE+)q	w=BcrHc
	5#]u `G
	O
H	:wR>{}MC\hV;e	I	=&6{v	O+)et= (
cfCdL,>Fis!	bT)!" 7%
134 ELSE else 16%
134 ELSE else 17%
134 WHILE while 7%
138 COMMENT /*h

l\	11i`
7i&FP'	&M'flMwo
J		H I[&$Bac#	-Q(	*/ 10%
138 IF if 14%
138 WHILE while 8%
138 ELSE else 17%
138 IN in 15%
148 COMMENT /*y9U#(
{;.q
XF<v
%jqu	x/
sm	CYA
_	$+	T[+Wv0

Ok	Lg EVFGIy.6	
k$p@{85HPPGBr	mFU		:sl			\
0Z
t'<0h*/ 11%
151 STRING "	CiZ
td
Ps	C8	x
.oMm	\\" 8%
151 ELSE else 17%
156 STRING "	/f}y

[J	=9MGR*gf	Z*rO`1`Y	9pM:	g$E\	%\=
mTZI\A
Z#?;BC
r.OY	P>" 8%
164 COMMENT /*	{m
		
F6?	19q`	}ojJ	
IS	
/ZS	p	fL*f	[p	OJr7\|>0	&)#:N+
ppuG&rg {	/j	+b]AoH
4
	NP0SDl	
]3	Tz|wb5*/ 11%
164 ELSE else 18%
164 REAL 74120.709851517e39071457 8%
164 IF if 14%
164 ELSE else 18%
164 REAL 6359.8690e0480017 9%
164 WHILE while 8%
165 WHILE while 9%
168 COMMENT /*	V+J9
P	E
	
B]}*/ 11%
168 REAL 5.800e+5241675 9%
176 STRING "U5,h	?

exMq.o@xxB
6j=ch+M5zat	h00@BqMsVs
v

c]nWET^fSyvLO	S
		
	A" 8%
176 IN in 14%
176 IN in 14%
176 REAL 9.88e+1212755 10%
179 STRING "6P	
R/it
Y
" 9%
179 ELSE else 17%
185 STRING "

	
3
Q
		@
3S	3bBd(s" 10%
185 IF if 13%
187 COMMENT /*	Ck jK
	
*/ 11%
187 WHILE while 9%
187 REAL 3.67 10%
187 ELSE else 17%
187 ELSE else 18%
187 REAL 90422.566388407e+4110748 11%
187 IF if 13%
187 REAL 48.67 11%
195 STRING "	v<o
?<7t		F
yJ	
\f	>HBE{$a

	I*ikj	
du	W	6-*f!&)4y
	
YW;[U!	{q" 10%
195 ELSE else 18%
195 WHILE while 9%
195 ELSE else 18%
201 STRING "4Y,
Fn
		D@BQ	IC
gl)J!/C5Uel}>	
5	lQ
=h
co)" 10%
209 STRING "
%


{^

aw	
0" 11%
209 REAL 876914.80623 11%
209 IF if 13%
211 STRING "	tFm!
yYNdO" 11%
211 ELSE else 18%
211 INT 406 14%
211 IN in 12%
211 REAL 30597798e99 12%
224 STRING "	!lk
bP

Jdl	%W	(
wC'	E	dTG
[3	?K)s	{e_2
2YD0h	
Y%r	<gNw9r#
+pS^
w1VE!	:?czV*j
(dI
_
i	%gZc
	g" 11%
230 STRING "tY(iu	
RG.5
	
 
j+
kl	vg&d.N'YRRK		0
 w@yp		X2	" 12%
235 STRING "\|/fV	w	`'	(Dqm	}
K82!p' _emJLk;>P}(	r>!^G}&
94	f
w4	<

S" 13%
235 REAL 50497e+4216204 12%
235 WHILE while 8%
235 ELSE else 18%
235 IN in 12%
235 IF if 12%
242 COMMENT /*QLGq;-Dy
xT9	
?7s
uF =&{r	k	h]vPsxtRI*	h:5As
i|
w3	9,
e
3] 	Z	<!fXi<k	B*B	+>	s9*/ 10%
242 IN in 13%
248 STRING "R	?TndLTK>
H
lh^%
e.b&:	_36	4wd5%Z
\3bY
|BYU" 13%
248 WHILE while 9%
250 WHILE while 9%
250 REAL 891e+7205253 12%
258 STRING "
.8;0	Fk	ea,	_
/y*2
j[7@
=.	
1B>
.	bHPR	
]}	
8N	" 13%
266 COMMENT /*!X
q<?
	O
u<p>F	C
t{B	!\To).jJP	d=gC		G^	9N(	L
o(_			KXALh=6E{^	Q	Nm\	{
7E%V
tv=9zq	t;WVZ_.F'
zc	*/ 10%
276 COMMENT /*1x	j	\$cE L	obN
f;SF	I	T

	7	W:K	

Hg_	
	R	@		5qCT		-	w


O
	*/ 10%
276 COMMENT /**/ 11%
276 IF if 12%
277 WHILE while 9%
277 REAL 6.9773e085 12%
277 IN in 12%
277 IF if 12%
277 STRING "_:S			<E" 13%
277 REAL 5028.20300315e+3935 12%
277 IF if 13%
277 IF if 13%
277 ELSE else 16%
277 IF if 14%
277 COMMENT /**/ 11%
277 IN in 12%
290 COMMENT /*?`	T,ln	

!>L

/	&
hq2s		J	!


	`
OWq?jrW*B%=RmNlj	z	

R1
$-6
(*/ 11%
291 ELSE else 16%
291 IN in 13%
293 COMMENT /*	Bn

	.\cn*/ 11%
294 INT 522 11%
294 REAL 65343e146 12%
301 STRING "Co
/				5
Y	\
Z
(1<'dXm
	
s	v6sSY" 12%
310 STRING "/I<
^D}3
{ZNkb`


wENjJ^D!oi	n@}			

c	`V	
?rn8QK8
" 13%
310 IN in 13%
310 IN in 13%
313 STRING "x)Tf)r\2iK<]j+	
K	
u	e!a		}
5L	#" 13%
313 WHILE while 9%
313 IF if 13%
313 IF if 13%
321 STRING "'&	A	@	z2oQC
,b p	kB
L<^			^	
e
:/\H	P
	z
]		y	@%.= =d6ya		^b)l
Oo,		M	@]]Y/	
" 13%
321 REAL 42e-03826 12%
321 ELSE else 15%
337 STRING "z	$_&}+J
&L	h
?$ia
%
|Z5>b
^;	f2d1m	VxiSeJ		EcM5'A3}
k	
	psLZb]W
	



	X*5)
Im
(	}J
" 14%
337 WHILE while 9%
337 WHILE while 9%
342 COMMENT /*_A		}2rO	*
_TQ};	'+%V.2ItI	e=;


_E	Q{xz{ k
Ta*/ 11%
342 IF if 13%
342 IF if 14%
342 ELSE else 15%
342 REAL 1024e512492364 12%
342 IN in 13%
342 IF if 14%
344 COMMENT /*yh
p
Cp#	ZT\#^7ZN+*/ 11%
344 INT 665 10%
344 INT 741 11%
344 IN in 13%
344 INT 329 11%
345 STRING ".,ZW<`= 8@=	&
z" 13%
345 IF if 14%
345 WHILE while 9%
345 INT 19 12%
351 COMMENT /*fSEC@	A&	YW	

	[&n/pVHr>	
vQp	 	Wl8k9
 .T5L	Oc@,s6.7m+[	'wK
	I.zIPZ
*/ 11%
351 COMMENT /**/ 11%
356 COMMENT /*i	
;	xTFO02sm
+
=
A/>	m6Q*/ 12%
356 WHILE while 9%
356 IN in 13%
356 IN in 13%
356 IF if 14%
357 IN in 13%
357 IN in 14%
358 IN in 14%
358 IN in 15%
362 STRING "
}	F
EqF
	kY*dna	B	b_b06O
G[1=F		,'x4+W	P" 13%
362 REAL 02.26040176e-9511608 11%
363 IF if 14%
383 STRING "QG0EY
'i	
7
$>	

ZJ;	n!	Yfq	`)nX
wP	
.%3w'
|H8Z^Z[


v
AwvFW
/kL


X<

		!,

Mm	X=" 13%
384 IN in 15%
384 INT 19 11%
396 STRING "/0uW&|c
v	
]`2-gAp_{
}YT	B49L	J2


ilGq	W
YA\
c
N
+I
%AGfm
	" 13%
396 WHILE while 9%
396 STRING "#8gh" 14%
396 IN in 15%
396 IN in 15%
396 REAL 5035963.983231 11%
396 IF if 14%
396 IN in 15%
396 ELSE else 13%
396 WHILE while 9%
396 WHILE while 10%
398 STRING "

7" 13%
398 INT 60 11%
399 WHILE while 10%
400 IN in 15%
400 ELSE else 13%
400 IF if 14%
402 STRING "
2	eZa	RD-4
U\F	{" 13%
402 WHILE while 10%
403 IF if 14%
403 REAL 20341778.37031298e+068809 10%
403 INT 998 11%
403 WHILE while 10%
403 IF if 14%
403 INT 647 11%
403 ELSE else 13%
403 IN in 15%
403 IN in 15%
403 WHILE while 11%
403 REAL 82.870 10%
403 REAL 260.678815398 11%
403 WHILE while 11%
403 IF if 14%
403 IF if 14%
403 REAL 7346.71934e-467602961 11%
403 WHILE while 11%
405 REAL 4263e48574 11%
410 COMMENT /*|_g5B*>	[[	>2=S:	\7
=[=C
yB
mFTK2

*/ 10%
410 IF if 14%
430 COMMENT /*DJZt	C=
W	g'	
h	rUfs`

*\:%bcuL	]
P=mK	
,	B
U+$

($%&p	*>x+
c


-3
s2
=)}	x`

lYq$HC
`cGF\>
BU
_8*/ 10%
430 IN in 15%
430 IN in 15%
430 REAL 9.20230 11%
434 STRING "	,.?	Ku
yx<	
hw
pguQAXR<r#6nVZV`$c(zh}U&'s		X\_s
	" 13%
434 IF if 14%
441 STRING "	
>	


%GT	u/kGnB	#	R>rKj	P+.Yi>
^t1
lI	;@1<		
`y" 13%
454 COMMENT /*8	`

2q$-		qMv!!
G	Ow}D	
<[	Yn|IEMk06&LIAZ1Dyz@X	
Z
^	D N
V!se


hk	>qk	g7	
P?5sb%	
Dr	h
	*/ 10%
463 STRING "(g
)	b	
>vekU eAZfHN*
bWX|	85`$	
(
	&dt'	E,t	rtK
	,
X
		x
" 13%
463 IF if 14%
463 WHILE while 11%
463 REAL 0465e+877651193 11%
463 IF if 15%
464 STRING "
	Bk{c-	KX%	S/" 13%
480 STRING "GC	lhm/y
@4

J
T	z,6Px	x[`t	
	
B
uBA
DfNs
}};7	

u


U

" 13%
480 IF if 15%
480 IN in 15%
480 REAL 03823518.232e+80799 12%
480 ELSE else 12%
493 STRING "ke3-	
yD
%<azn

17/
 (s	iT:Y

#	
r(4_>&
XL+_'	D/
]d
dz
1w.x	$#1\+5
	q" 14%
503 STRING "MX>B-	m
-CM9XE og}
T+
d;Vt)	G
	K
{Cc^	5hN
p
		Xq'/

l323'Z
gx	T]=	7	" 14%
503 ELSE else 12%
503 IF if 15%
504 ELSE else 12%
504 INT 25 10%
504 WHILE while 11%
504 WHILE while 11%
504 IF if 15%
504 WHILE while 11%
505 REAL 4069.801 11%
505 WHILE while 11%
505 INT 45 10%
505 REAL 3175172.26460e863967 12%
506 REAL 869377.749550352e+524 12%
506 IF if 15%
506 WHILE while 12%
506 IF if 15%
507 IN in 14%
508 COMMENT /*	cL*/ 9%
508 IF if 15%
518 STRING "ae
		HPj:^K

z c	RN%NRJ-5gi`w
Y	wJ+I0L
LynKl	X		I	/IUO(	L$
X#0
4
FGP>
8cl" 13%
518 ELSE else 12%
518 REAL 625547.416252 12%
518 INT 757 10%
518 IN in 14%
518 IN in 14%
531 STRING "$Q

)	l<		\	
;
+u	]#
v2Q	I	t#\

	9-BXf$
+Mg
+Cn

^Jxp
	3	GZ}'
	{!oxk3" 13%
531 REAL 71e-0448300 12%
531 ELSE else 12%
531 IF if 15%
538 STRING "	@
 
=,
	D,/j/=
PbELi
m		=&t	-4]Dj@)?VK\kZ|9	<F\q,
rJ Br	" 13%
539 INT 545 10%
547 COMMENT /*I
u
3]0m
6
i
c9	
3=ZP

[j^E}[xL/	}	rIf!*/ 9%
547 WHILE while 11%
547 INT 820 10%
547 ELSE else 12%
547 ELSE else 12%
547 REAL 343974.919257 12%
547 IN in 14%
547 INT 949 10%
547 WHILE while 11%
547 IF if 15%
547 REAL 34147121.10435941e-379609 12%
547 INT 390 10%
556 STRING "	q		

Ji	

KV%
BF6L
L
![<
	" 13%
556 IF if 15%
556 ELSE else 12%
556 REAL 0.95e+339 12%
557 COMMENT /*:_
(*/ 9%
557 IF if 15%
565 COMMENT /*g_	>
0{B	lk
yFP0U		k,e=.H
kqq
n	_`/	 _LS@
<
B
9-6Qp{Rc	B-^
X1h3{*/ 9%
568 COMMENT /*sStzC!a1	
}M]1c:kP)\jDy
*/ 10%
573 COMMENT /*P	T	l	yh
N
XfN`=
=	s
kp%t.t_I		s%Cy
)e*/ 10%
581 STRING ":e-U
	
C
}<\


	
	S%l		peL
@UWz," 13%
581 INT 218 10%
588 STRING "	@Y}xT
1^L
|=	
	N
>
}'	4MO.*I	#
y\kRlLG	w=J)8Z#mQ8>		H^:
x:tP&3TV	C?	eR*R`!" 13%
600 STRING ";st1jaY
t7	
iko^	
Y1v4	Y+
c]
k|
;16V
5DD{9
fD::	If!C	ld	.x
	5YS
Z	7	M69J	I' %C-q^y
)
Ly	Wc_Rt" 14%
606 COMMENT /*	<w7<?n3L		><L
$-
Ao			]%
'Hk*
Lirr

woDng#*/ 10%
606 IF if 15%
607 STRING "c+4	C	9Y8^5
e&" 14%
607 IN in 13%
607 IN in 14%
612 COMMENT /*!e
ZM
<HXmAR)W\
&	'M6	@
o}	s,.FH#wP4
n	*/ 10%
614 REAL 5502.08905e+215357960 12%
614 IF if 15%
614 WHILE while 11%
614 WHILE while 11%
615 STRING "*
gq\70{	" 14%
615 REAL 05941175.48198e3214272 12%
615 IN in 14%
615 IN in 14%
621 STRING "
93>F}&
]S
k;
2?
Rp	
WCUp<bK>" 14%
621 REAL 13482207.179 12%
621 WHILE while 11%
632 COMMENT /*
BM@
	L		
2m3>MrEsB7,fMP	mX
g
y
!?[^DB	O	:hJCvU	n6	O<y	3	h4

27M6	0!	m

%	6
{3!p	KSt}g<**/ 10%
632 ELSE else 11%
650 STRING "I


\\Z

	69^
iO	#l.

3GyZ
w
6g%
	I=
k.rA3Vr^^8X;i
	n	-	
r
EFa%	r	k	vsf	a	
#\9	 
Tb	(	C
vD}		" 14%
650 WHILE while 11%
650 WHILE while 11%
650 IF if 15%
653 COMMENT /*A^	
8	G
%:R6>d6o	07O	+qK		@4H]:ka<os'[^		
z7qV*/ 10%
653 INT 837 10%
653 IF if 15%
653 INT 476 10%
653 IN in 14%
653 INT 720 10%
653 IF if 15%
661 STRING "sS6Yt
a
2/^Vzf!VS	
wmT		}U]J}A
|y;3
cDr	#}
	K	r	;<.	d	/f	rJ		n
t		@o
ypn|\4" 14%
661 WHILE while 11%
661 ELSE else 11%
665 STRING "	

hNu&P?0Q`
D,(_
;H" 14%
665 REAL 728869029e-88294197 12%
665 IF if 15%
665 INT 65 10%
665 IF if 15%
668 COMMENT /*	 TX<^od5l	vT>h<'vOz
Ks'!{K5jc	
v1	=<q7vge3k
*(#`|[	*/ 10%
668 WHILE while 11%
670 INT 672 10%
677 COMMENT /*#nn	t}	;
!%k&nA
qd'D`tB
oG		@
2	
>2yA#=H	Y@n#*dN
	,]*/ 10%
677 REAL 7897.29479e4274 12%
677 REAL 5452258.72 12%
678 WHILE while 11%
678 STRING "" 14%
678 REAL 125543e9372 12%
678 IN in 13%
678 WHILE while 12%
688 STRING "Y)Ij`
sIN	

3			
 ^-T
@2v
@/SR&sj2
A
6B
(jLR-;J	?	@			#'		\h88O5R`@C(" 14%
688 STRING "p`G7r	b.q" 14%
688 ELSE else 11%
699 STRING "		e			-^liR}aD	=p
a{#' 	)		W	
KB8JK_
x>
		'QI/B	|,K3)O	
H52)_l	4?gG	_N	
Zb

?j]I
%
nxK
	62rPc" 14%
699 INT 400 10%
699 REAL 6951110e+87137367 12%
709 STRING "YL:NiK	sAP	_\
2
	
N0,	 [SB{	

xg\@b		t,		
-
	Jc<
	-s']Lc	x?TE%Vt
		=k#T	n}	Onh	
o6	AP	Hg)b" 14%
709 WHILE while 12%
709 REAL 11548e8946 12%
710 IN in 13%
710 COMMENT /**tx*/ 10%
710 IF if 14%
710 IF if 15%
710 ELSE else 11%
710 IF if 15%
710 ELSE else 11%
720 COMMENT /*:Kn8d
aQ0NDFQW
	/		<

	b
H
Y
;	KSSg	gG0[|mZ	\>D	Pjkb\
	*+fv$	0Hh<	+4	,`rK	J	
	
a*/ 10%
738 COMMENT /*<
j/zt/	

Dq_f
w
(pG'
VL-x#	Q
8Q5	e
l?P5	L	a		,{zc{P<d

D

-TO


I	
@GM*5P2_Z
v	0['{
*/ 10%
738 INT 87 10%
738 IN in 13%
738 IF if 15%
738 IN in 13%
750 STRING ";$	W *\f? M	Ad:3iRqd4Q,	b

[
9sb9bvTSSAa[	
P?ekcPM
	,	
CsG-$	
i	C
]
&(fgu(]

z!R
" 14%
751 REAL 89699215.543e+679421799 12%
751 IN in 13%
755 COMMENT /*J	Bg	|L	 =3<	vxr(
'

&B,-(a 2N5(q	5<*/ 10%
755 IF if 15%
756 STRING "`^
eMy" 14%
756 WHILE while 11%
756 ELSE else 11%
756 IN in 13%
756 INT 412 10%
756 IF if 15%
757 INT 528 10%
757 INT 528 11%
757 WHILE while 11%
765 STRING " UY{	\	
]

:$HP|l^
'$&[		1&hB	h
^:Q
A	K
R	e
hS" 14%
765 IN in 13%
765 REAL 093.53341085e-0204 12%
765 INT 622 11%
767 STRING "u,k$x,	
'
NV" 14%
767 REAL 7456372.58416191 12%
767 INT 952 11%
767 IF if 15%
767 IF if 15%
768 COMMENT /*	bi
*/ 10%
775 STRING "	Uy{y@F
h
Yza
drR-?7r
)93?V
	G
E s3			a62}F=	IUU2,
>,dw6t1qX		'o}qe	/1+q7>." 14%
775 IN in 13%
775 INT 31 11%
775 REAL 91e-14 12%
775 IF if 15%
775 IF if 15%
786 COMMENT /*
0
H4gfq!o
	F
7*C
7b(W34
*H	L
xr

]pqoJn_&	3e

9A	*/ 10%
786 ELSE else 11%
791 STRING "$	2!=	[{
		r
p#*vW=A!
=@`lR	Bg	>qOi'
bg)	
X=)w4" 14%
792 IF if 15%
792 WHILE while 11%
792 IN in 13%
792 WHILE while 11%
803 COMMENT /*Q	5b
'*P	K2
.
O

@?
}H4	>zPpS	
	
xW	s
>\	
O52*/ 10%
809 COMMENT /*L	`JX	+eU	;	H@qPMED
	B_Aa- 		# 
LwxD!I+LO@o			@6IxJT		&;j
\
2W	
SK
	<8Y*/ 10%
820 STRING "T}Q	
z:In	vz	Vj3
H&
7%]U+	@?eC	.$		<	P+
XnC_A	1Z	t
3	:
	
J;bcZ
FtKiT
m,'

	Z		#XZ2	:-%" 14%
820 COMMENT /*Cqy +S8*	rXl6K4[	^*/ 11%
823 COMMENT /*&
c
l.0/6
h*&wj*nr}F*/ 11%
823 INT 653 11%
827 COMMENT /*&Er7q	A:Hq2wJ
SF:

ST+}*
*Tg	G/*/ 11%
827 WHILE while 11%
827 WHILE while 11%
827 IN in 13%
827 ELSE else 10%
827 IF if 15%
827 WHILE while 11%
827 ELSE else 11%
827 IN in 13%
828 IN in 13%
828 WHILE while 12%
828 IN in 13%
835 STRING "
%<
ZEL	B	ycA	h]_zt^&o	/u(3
^f=(	#d1^		@jHpns5R
\	2c
Ysix
DW
" 14%
835 WHILE while 12%
835 REAL 17.6309 11%
835 IF if 15%
835 ELSE else 11%
835 INT 152 10%
845 STRING "[
+gg	1
@UhD	Hy	
^s6[W6
	C	-C	AJ?7	G+l.
z$1.>	
`S
	[.K	;	

_^A		Q
i>Jj W" 14%
845 WHILE while 12%
846 ELSE else 11%
846 IN in 13%
846 ELSE else 11%
847 IN in 13%
847 WHILE while 12%
856 STRING "
|b? ^ D	_
rx$7qJ?]	
zD_	}E&xY
Xqh	Jn3	0h+<%	{
l%
mI5G'Q<	^^			n2pe44
hF$4YN%dB
g
Z z	t@?		" 14%
862 STRING "		y
J
ZL#g27(^OY
	U<b<r\Tk
;[d,4
	\
N" 14%
863 COMMENT /*		Tk;&!	DY9*/ 10%
863 WHILE while 12%
865 STRING "	Wa.GA	
zA]
2`8?D" 14%
865 INT 691 10%
872 COMMENT /*
z	K
	X6Hona

g
<
+Pkk6P
N*/ 11%
872 IF if 14%
872 WHILE while 12%
872 REAL 1843983.854e685 11%
881 COMMENT /*X*
	j	ChRZB	{	nm

YK
			)6p0
/
{gl}=;_OqQ?&	
?Jj
o
lex,DJVO<i<M		*/ 11%
881 IN in 13%
881 ELSE else 11%
881 REAL 177030e6634794 11%
896 COMMENT /*j	M	B

r		
 	u
D		)^
f	
+3p;w'
gs		=vA-	j	Ga
RP;`^
$=
Y9[?

	m=|I	0
k4&	K;	,8
@+o}Zi	E
dLNP	Vta9O*/ 11%
896 REAL 14.3561e809547 11%
896 INT 805 10%
896 REAL 28665444.281e+643243471 12%
896 ELSE else 11%
896 WHILE while 12%
896 REAL 1829.505513 12%
896 REAL 53084339.187e2543 12%
896 INT 998 10%
896 COMMENT /*5*/ 11%
907 COMMENT /*Ii+}(Fe>K-
4
Hv	]H	{
s
g

dv
	Dc	3		k	7
/e	jIs	
<	(m 		g
		-[|vd#
UUS	iR2	@h*/ 11%
907 IN in 13%
911 STRING ":nK\H N_
lV

;B45
" 14%
911 IF if 14%
911 IF if 14%
911 INT 226 10%
911 IN in 13%
911 INT 705 11%
911 WHILE while 12%
918 COMMENT /*-b=	M	.	uT
7imb0\1F		<L	wvq}1/L@		h	i\_TNwk	
X
7&-
 q8Nq[wvr
y
j<.`P*/ 11%
918 WHILE while 12%
927 COMMENT /*	R>GQ	MP
C4<[^N	G6		d	

f_ec_(	,
.<P}&	%99	\[x3L|h&q&
1^;	1=

q2j`QM<
{
*/ 11%
936 COMMENT /*!		l{LJ	NT	{

7
	4
]l
D'
7
9
7Dk		A!n#f=	o	S
QT	s*/ 11%
940 COMMENT /**	
CV	
wr
 t	
CN	g`hK		L^owHf		wiWhv	`d*LQ#6*/ 11%
941 STRING "|	GC4mKm/<" 14%
941 ELSE else 10%
942 WHILE while 12%
942 WHILE while 12%
942 ELSE else 11%
942 ELSE else 11%
942 REAL 6.54278 12%
942 WHILE while 12%
942 WHILE while 12%
954 COMMENT /*(g
\+R	vI	AEa	ce)?o0D^P
St5
	
	pA`S
qh^91
;		
Ng	c\	j6p	4
(
i
Q		6	0Z	K
		/-
h	fB	<*/ 11%
954 ELSE else 11%
954 IN in 13%
961 STRING "dt	*4A|B5k
U,	
	10yZP9p
	4+6>\{	{$u

XI

D&+xsT" 13%
967 STRING "f6iD

5MD?{	88`(
%
	H
W,hOJk	X
" 14%
967 IN in 13%
967 WHILE while 12%
969 COMMENT /*1r
cW#eZ	
n#]mOf5kW\9	t9	WZ	DamEKV*/ 11%
969 IF if 14%
969 INT 678 10%
972 STRING "}n:as
&#3
Ws*nJ	|2o
Z?2iwVxYy	" 14%
972 ELSE else 11%
972 IF if 14%
972 INT 774 10%
972 ELSE else 11%
979 STRING "a-	!	%i	7eJ	h-g;@V	4xan
URQdgG	
,=b,@1

b,H'
|MI	
nQfv%+	S^
^FV" 14%
986 COMMENT /*FAI	
a[		^m
	
M	dd,\
[C:	
		P	*I?UI

b	'w	^*/ 11%
987 REAL 057822.008852771e0459096 11%
987 WHILE while 12%
987 IF if 14%
1001 COMMENT /*
	
P	'7
qnU|	`$	}(_
]	@i>_
4=J	
=0CY
wYS	
	|%'c
} 
y	

m	W	zC9
,V[ 
	=	W	X*/ 12%
1001 REAL 93e732 11%
1001 IN in 13%
1001 IN in 13%
1001 INT 321 10%
1001 INT 558 11%
1001 IF if 14%
1001 REAL 3.3639e896 11%
1009 STRING "
	
	y{	0>

	@S}^
nQSZ/
7
|V`}
aVUNyooE?		3G9y^&ow}	JD,	mr	L{	&-p" 14%
1009 IN in 13%
1010 IF if 14%
1010 WHILE while 12%
1010 IF if 14%
1010 ELSE else 11%
1010 REAL 64903546e+534509432 11%
1010 IF if 14%
1010 IN in 13%
1016 COMMENT /*$Z
]qw
G	F.4D
p`o
'\*	we;G;#.=>C

'm)*/ 11%
1017 INT 135 10%
1025 STRING "	|	p	2	F=:'u^u
	Vd{i			{Lg	)oe$f		@`	`)>
F!u&

	z].M

w
	
/)5?	C" 13%
1025 IN in 13%
1029 COMMENT /*s
		x

>Ye./	
JD*/ 11%
1029 WHILE while 12%
1041 STRING "<[.?6Y
^:]	L&#s	UQzU	b
s

v S.us0Km?L46j
d^	%2C}$z#&/\_Y%}

s	1	?4T


	`wVrJ	V\B,/V
Po
A2;Kt![E		" 14%
1041 IN in 13%
1041 ELSE else 11%
1055 STRING "jz]	m
'AG9F	
?

.[;K=1
n!A}	?!?4
	P_?N^>8
Be4p;#KWwBE
e;
7[l<x 
	 TXNT
P[B
]
eo-
%	6" 14%
1055 INT 930 10%
1055 IN in 13%
1056 INT 716 11%
1056 IN in 13%
1056 IF if 14%
1056 IF if 14%
1070 STRING "	f9	SSG	&'FN
P-R<

qSW
&}vc
	gB +
Dj@
hP2d+P^

	
K-
ts	}	iU	
k#	;wY		
w	)gZ??" 14%
1070 ELSE else 11%
1070 IN in 13%
1070 COMMENT /*	*/ 11%
1070 INT 745 11%
1071 ELSE else 11%
1071 ELSE else 11%
1071 WHILE while 12%
1083 STRING "
6]	;bO	q	
ur
8	l|#|	Qx?mo	uX		Y
Q]		[}h(h[<uB

nj

	jq@
	
;lEt
\36
oW" 14%
1083 ELSE else 11%
1083 REAL 66.522660 11%
1097 STRING "zm
J	
BX
X
R\9
e	x\
{PkOU^t
l#	y	
T	M
v
	(h		t
j!w-

u	J
V	:q	WZyJ" 14%
1097 IN in 13%
1097 ELSE else 11%
1097 INT 327 11%
1097 INT 501 11%
1097 REAL 466e6279300 11%
1113 STRING "
&$d	
/
6T=U
$&:iglcBD VA-*a:
s	I
'	
6P		k	C	
	@
a
	J,		
	
kubm'	C&V4
h	f(0dw
=	_
,8eZp
&U^q:Y" 14%
1114 IN in 13%
1124 STRING "p^i	]9	}L;
FfM	*(q,Zj
	.!3@c


'+
i	
p+1 
S
{biH\$			=	/y	bKdK10>_
Q;HHAU.r5	-z7`i|y" 14%
1124 ELSE else 11%
1124 IN in 13%
1124 REAL 0833.27549909e-705004 11%
1124 INT 541 11%
1124 ELSE else 11%
1124 IF if 14%
1125 STRING "	)
sE$ipd	" 14%
1138 STRING "	
cc3	Ml	,'		
J	o
	3	4X
0	6
	)VATQ	X%bEFG	MJ}		8Q	i#k
	#g		


$
	SqdW,f;Tg	E)		9
@		

	\G\p-a" 14%
1138 IF if 14%
1140 INT 174 11%
1140 IF if 14%
1140 IN in 13%
1140 IN in 14%
1154 COMMENT /*?pt	7NH
76

#$o	
X*	:KO*Cn_	q
6
<

7)a
vA}o	>BD
^[	=,2[#
;(5`Ph$(1*t%hfy]FP-in
7)	3do6p
	N^	k7J%
		*/ 11%
1154 REAL 505.152e98285 11%
1157 STRING "erA	B
,D
,[y};
!Z0ZPQ,I	2hl93c`B	nDN	" 14%
1157 INT 525 11%
1157 REAL 844288190e+450 11%
1157 IF if 14%
1157 REAL 3822.74046290e-59579 11%
1157 WHILE while 11%
1167 COMMENT /*'
&F%	?



o2ON

Lx)	j
6ye
$	cZ%
&*/ 11%
1167 STRING "!kR#n+	YdEz" 14%
1167 IF if 14%
1167 REAL 8934437.51e-95143 11%
1172 COMMENT /*
(YYd	B
Z	;
1`d	eA
hS2zk
	!	 v*E		M;*/ 11%
1172 REAL 2628e+5090386 11%
1185 STRING "=!	+	!/?B
l(Ap
@
SbLf
+	Hc

?w{	tyo
u

i-.VFFJruIw	r#$	/X

[cr/uvsNM

	<" 14%
1186 INT 453 11%
1202 COMMENT /*XTK
/rdHaXu}	p(<[wc
l}s1
^kvqjoa	@*Bz	@	n8;}	DHl



2Y
%

5
i}(E	
@
/KqF
-'k
H?$!d
:|hHkX	=<	H*/ 11%
1203 REAL 978.720 12%
1203 IF if 14%
1203 IF if 14%
1203 INT 573 11%
1204 WHILE while 11%
1209 COMMENT /*Z
:(*T#k<J	2
:C	
	SNGH<V,Le/5H
		n%zvvKBAOi9*/ 11%
